<?xml version="1.0" encoding="UTF-8"?>
<!-- Generated by org.testng.reporters.JUnitReportReporter -->
<testsuite hostname="Vishnu" failures="0" tests="1" name="selinium.Login" time="11.241" errors="0" timestamp="2025-05-26T11:38:55 IST" skipped="0">
  <testcase classname="selinium.Login" name="use" time="11.241"/>
</testsuite> <!-- selinium.Login -->
